{"/home/linda/test/myblog/jest/__fixtures__/all-markdown-remark.js": {"path":"/home/linda/test/myblog/jest/__fixtures__/all-markdown-remark.js","statementMap":{"0":{"start":{"line":3,"column":0},"end":{"line":46,"column":2}}},"fnMap":{},"branchMap":{},"s":{"0":5},"f":{},"b":{},"_coverageSchema":"1a1c01bbd47fc00a2c39e90264f33305004495a9","hash":"2191b8d10f2bc0ab46d50e8dba728d93a891513e"}
,"/home/linda/test/myblog/jest/__fixtures__/markdown-remark.js": {"path":"/home/linda/test/myblog/jest/__fixtures__/markdown-remark.js","statementMap":{"0":{"start":{"line":3,"column":0},"end":{"line":23,"column":2}}},"fnMap":{},"branchMap":{},"s":{"0":2},"f":{},"b":{},"_coverageSchema":"1a1c01bbd47fc00a2c39e90264f33305004495a9","hash":"f46b3147d8e8f352f988bbc1e108371d3b05908f"}
,"/home/linda/test/myblog/jest/__fixtures__/page-context.js": {"path":"/home/linda/test/myblog/jest/__fixtures__/page-context.js","statementMap":{"0":{"start":{"line":3,"column":0},"end":{"line":13,"column":2}}},"fnMap":{},"branchMap":{},"s":{"0":3},"f":{},"b":{},"_coverageSchema":"1a1c01bbd47fc00a2c39e90264f33305004495a9","hash":"356c295e52976b81c88ccad6de0a8a5783c5c802"}
,"/home/linda/test/myblog/jest/__fixtures__/site-metadata.js": {"path":"/home/linda/test/myblog/jest/__fixtures__/site-metadata.js","statementMap":{"0":{"start":{"line":3,"column":0},"end":{"line":41,"column":2}}},"fnMap":{},"branchMap":{},"s":{"0":13},"f":{},"b":{},"_coverageSchema":"1a1c01bbd47fc00a2c39e90264f33305004495a9","hash":"9fa7882804e622e28905532efc7e259afea7bc8c"}
,"/home/linda/test/myblog/src/components/Feed/Feed.js": {"path":"/home/linda/test/myblog/src/components/Feed/Feed.js","statementMap":{"0":{"start":{"line":11,"column":13},"end":{"line":32,"column":1}},"1":{"start":{"line":12,"column":2},"end":{"line":31,"column":8}},"2":{"start":{"line":14,"column":6},"end":{"line":29,"column":12}}},"fnMap":{"0":{"name":"(anonymous_0)","decl":{"start":{"line":11,"column":13},"end":{"line":11,"column":14}},"loc":{"start":{"line":12,"column":2},"end":{"line":31,"column":8}},"line":12},"1":{"name":"(anonymous_1)","decl":{"start":{"line":13,"column":15},"end":{"line":13,"column":16}},"loc":{"start":{"line":14,"column":6},"end":{"line":29,"column":12}},"line":14}},"branchMap":{},"s":{"0":4,"1":4,"2":8},"f":{"0":4,"1":8},"b":{},"_coverageSchema":"1a1c01bbd47fc00a2c39e90264f33305004495a9","hash":"fe097fe92e244395665f09f8d1e550260cfb629c"}
,"/home/linda/test/myblog/src/components/Feed/index.js": {"path":"/home/linda/test/myblog/src/components/Feed/index.js","statementMap":{},"fnMap":{},"branchMap":{},"s":{},"f":{},"b":{},"_coverageSchema":"1a1c01bbd47fc00a2c39e90264f33305004495a9","hash":"6ff665ca32762b4dbe421a7df4a475b591b0cc3c"}
,"/home/linda/test/myblog/src/components/Icon/Icon.js": {"path":"/home/linda/test/myblog/src/components/Icon/Icon.js","statementMap":{"0":{"start":{"line":13,"column":13},"end":{"line":18,"column":1}},"1":{"start":{"line":14,"column":2},"end":{"line":17,"column":8}}},"fnMap":{"0":{"name":"(anonymous_0)","decl":{"start":{"line":13,"column":13},"end":{"line":13,"column":14}},"loc":{"start":{"line":14,"column":2},"end":{"line":17,"column":8}},"line":14}},"branchMap":{},"s":{"0":10,"1":55},"f":{"0":55},"b":{},"_coverageSchema":"1a1c01bbd47fc00a2c39e90264f33305004495a9","hash":"12d05bc3af8d7ed3d67d72fc20e2a410b5babf15"}
,"/home/linda/test/myblog/src/components/Icon/index.js": {"path":"/home/linda/test/myblog/src/components/Icon/index.js","statementMap":{},"fnMap":{},"branchMap":{},"s":{},"f":{},"b":{},"_coverageSchema":"1a1c01bbd47fc00a2c39e90264f33305004495a9","hash":"8345313491d5d642e115de9cd32fcf7ba4c276c5"}
,"/home/linda/test/myblog/src/components/Layout/Layout.js": {"path":"/home/linda/test/myblog/src/components/Layout/Layout.js","statementMap":{"0":{"start":{"line":15,"column":15},"end":{"line":41,"column":1}},"1":{"start":{"line":21,"column":26},"end":{"line":21,"column":43}},"2":{"start":{"line":22,"column":20},"end":{"line":22,"column":47}},"3":{"start":{"line":23,"column":23},"end":{"line":23,"column":38}},"4":{"start":{"line":25,"column":2},"end":{"line":40,"column":4}}},"fnMap":{"0":{"name":"(anonymous_0)","decl":{"start":{"line":15,"column":15},"end":{"line":15,"column":16}},"loc":{"start":{"line":20,"column":13},"end":{"line":41,"column":1}},"line":20}},"branchMap":{"0":{"loc":{"start":{"line":19,"column":2},"end":{"line":19,"column":18}},"type":"default-arg","locations":[{"start":{"line":19,"column":16},"end":{"line":19,"column":18}}],"line":19},"1":{"loc":{"start":{"line":22,"column":20},"end":{"line":22,"column":47}},"type":"binary-expr","locations":[{"start":{"line":22,"column":20},"end":{"line":22,"column":31}},{"start":{"line":22,"column":35},"end":{"line":22,"column":47}}],"line":22}},"s":{"0":9,"1":9,"2":9,"3":9,"4":9},"f":{"0":9},"b":{"0":[9],"1":[9,9]},"_coverageSchema":"1a1c01bbd47fc00a2c39e90264f33305004495a9","hash":"6b3d66bb43a955cbf4428f8767c157ae2aff6256"}
,"/home/linda/test/myblog/src/components/Layout/index.js": {"path":"/home/linda/test/myblog/src/components/Layout/index.js","statementMap":{},"fnMap":{},"branchMap":{},"s":{},"f":{},"b":{},"_coverageSchema":"1a1c01bbd47fc00a2c39e90264f33305004495a9","hash":"e44a1ab5e555d5826f2187977c7e30eb4d8c5d0c"}
,"/home/linda/test/myblog/src/components/Page/Page.js": {"path":"/home/linda/test/myblog/src/components/Page/Page.js","statementMap":{"0":{"start":{"line":9,"column":13},"end":{"line":26,"column":1}},"1":{"start":{"line":10,"column":18},"end":{"line":10,"column":26}},"2":{"start":{"line":12,"column":2},"end":{"line":14,"column":5}},"3":{"start":{"line":13,"column":4},"end":{"line":13,"column":37}},"4":{"start":{"line":16,"column":2},"end":{"line":25,"column":4}}},"fnMap":{"0":{"name":"(anonymous_0)","decl":{"start":{"line":9,"column":13},"end":{"line":9,"column":14}},"loc":{"start":{"line":9,"column":45},"end":{"line":26,"column":1}},"line":9},"1":{"name":"(anonymous_1)","decl":{"start":{"line":12,"column":12},"end":{"line":12,"column":13}},"loc":{"start":{"line":12,"column":18},"end":{"line":14,"column":3}},"line":12}},"branchMap":{"0":{"loc":{"start":{"line":19,"column":10},"end":{"line":19,"column":69}},"type":"binary-expr","locations":[{"start":{"line":19,"column":10},"end":{"line":19,"column":15}},{"start":{"line":19,"column":19},"end":{"line":19,"column":69}}],"line":19}},"s":{"0":8,"1":8,"2":8,"3":0,"4":8},"f":{"0":8,"1":0},"b":{"0":[8,7]},"_coverageSchema":"1a1c01bbd47fc00a2c39e90264f33305004495a9","hash":"64223dd0c94d8bd3267c4e6aea1b79b0eaf5e12e"}
,"/home/linda/test/myblog/src/components/Page/index.js": {"path":"/home/linda/test/myblog/src/components/Page/index.js","statementMap":{},"fnMap":{},"branchMap":{},"s":{},"f":{},"b":{},"_coverageSchema":"1a1c01bbd47fc00a2c39e90264f33305004495a9","hash":"92940724d051935462d24f8ffc5c438e9ba7f9ee"}
,"/home/linda/test/myblog/src/components/Pagination/Pagination.js": {"path":"/home/linda/test/myblog/src/components/Pagination/Pagination.js","statementMap":{"0":{"start":{"line":15,"column":11},"end":{"line":15,"column":34}},"1":{"start":{"line":17,"column":19},"end":{"line":43,"column":1}},"2":{"start":{"line":23,"column":24},"end":{"line":26,"column":4}},"3":{"start":{"line":28,"column":24},"end":{"line":31,"column":4}},"4":{"start":{"line":33,"column":2},"end":{"line":42,"column":4}}},"fnMap":{"0":{"name":"(anonymous_0)","decl":{"start":{"line":17,"column":19},"end":{"line":17,"column":20}},"loc":{"start":{"line":22,"column":13},"end":{"line":43,"column":1}},"line":22}},"branchMap":{"0":{"loc":{"start":{"line":36,"column":29},"end":{"line":36,"column":61}},"type":"cond-expr","locations":[{"start":{"line":36,"column":43},"end":{"line":36,"column":55}},{"start":{"line":36,"column":58},"end":{"line":36,"column":61}}],"line":36},"1":{"loc":{"start":{"line":39,"column":29},"end":{"line":39,"column":61}},"type":"cond-expr","locations":[{"start":{"line":39,"column":43},"end":{"line":39,"column":55}},{"start":{"line":39,"column":58},"end":{"line":39,"column":61}}],"line":39}},"s":{"0":4,"1":4,"2":4,"3":4,"4":4},"f":{"0":4},"b":{"0":[4,0],"1":[4,0]},"_coverageSchema":"1a1c01bbd47fc00a2c39e90264f33305004495a9","hash":"f9510aebce4bd501646f31ce929f6c6c23de219b"}
,"/home/linda/test/myblog/src/components/Pagination/index.js": {"path":"/home/linda/test/myblog/src/components/Pagination/index.js","statementMap":{},"fnMap":{},"branchMap":{},"s":{},"f":{},"b":{},"_coverageSchema":"1a1c01bbd47fc00a2c39e90264f33305004495a9","hash":"bd9b082574822b7dc9757c634acb7f0b5420d027"}
,"/home/linda/test/myblog/src/components/Post/Post.js": {"path":"/home/linda/test/myblog/src/components/Post/Post.js","statementMap":{"0":{"start":{"line":16,"column":13},"end":{"line":40,"column":1}},"1":{"start":{"line":17,"column":19},"end":{"line":17,"column":23}},"2":{"start":{"line":18,"column":29},"end":{"line":18,"column":40}},"3":{"start":{"line":19,"column":32},"end":{"line":19,"column":48}},"4":{"start":{"line":21,"column":2},"end":{"line":39,"column":4}}},"fnMap":{"0":{"name":"(anonymous_0)","decl":{"start":{"line":16,"column":13},"end":{"line":16,"column":14}},"loc":{"start":{"line":16,"column":34},"end":{"line":40,"column":1}},"line":16}},"branchMap":{"0":{"loc":{"start":{"line":31,"column":9},"end":{"line":31,"column":69}},"type":"binary-expr","locations":[{"start":{"line":31,"column":9},"end":{"line":31,"column":13}},{"start":{"line":31,"column":17},"end":{"line":31,"column":25}},{"start":{"line":31,"column":29},"end":{"line":31,"column":69}}],"line":31}},"s":{"0":2,"1":2,"2":2,"3":2,"4":2},"f":{"0":2},"b":{"0":[2,2,2]},"_coverageSchema":"1a1c01bbd47fc00a2c39e90264f33305004495a9","hash":"ab988464c729f1c16b9d6dbea511dd9af1075a5b"}
,"/home/linda/test/myblog/src/components/Post/index.js": {"path":"/home/linda/test/myblog/src/components/Post/index.js","statementMap":{},"fnMap":{},"branchMap":{},"s":{},"f":{},"b":{},"_coverageSchema":"1a1c01bbd47fc00a2c39e90264f33305004495a9","hash":"94c945be90762e744affb94995831e8e7b64d415"}
,"/home/linda/test/myblog/src/components/Post/Author/Author.js": {"path":"/home/linda/test/myblog/src/components/Post/Author/Author.js","statementMap":{"0":{"start":{"line":7,"column":15},"end":{"line":25,"column":1}},"1":{"start":{"line":8,"column":21},"end":{"line":8,"column":38}},"2":{"start":{"line":10,"column":2},"end":{"line":24,"column":4}}},"fnMap":{"0":{"name":"(anonymous_0)","decl":{"start":{"line":7,"column":15},"end":{"line":7,"column":16}},"loc":{"start":{"line":7,"column":21},"end":{"line":25,"column":1}},"line":7}},"branchMap":{},"s":{"0":3,"1":3,"2":3},"f":{"0":3},"b":{},"_coverageSchema":"1a1c01bbd47fc00a2c39e90264f33305004495a9","hash":"b377775e2767d05ab93b4b6757487c8499814d34"}
,"/home/linda/test/myblog/src/components/Post/Author/index.js": {"path":"/home/linda/test/myblog/src/components/Post/Author/index.js","statementMap":{},"fnMap":{},"branchMap":{},"s":{},"f":{},"b":{},"_coverageSchema":"1a1c01bbd47fc00a2c39e90264f33305004495a9","hash":"b2fce802b7c03f7c22fbaf404d9145746d644d18"}
,"/home/linda/test/myblog/src/components/Post/Comments/Comments.js": {"path":"/home/linda/test/myblog/src/components/Post/Comments/Comments.js","statementMap":{"0":{"start":{"line":11,"column":17},"end":{"line":26,"column":1}},"1":{"start":{"line":12,"column":35},"end":{"line":12,"column":52}},"2":{"start":{"line":14,"column":2},"end":{"line":16,"column":3}},"3":{"start":{"line":15,"column":4},"end":{"line":15,"column":16}},"4":{"start":{"line":18,"column":2},"end":{"line":25,"column":4}}},"fnMap":{"0":{"name":"(anonymous_0)","decl":{"start":{"line":11,"column":17},"end":{"line":11,"column":18}},"loc":{"start":{"line":11,"column":53},"end":{"line":26,"column":1}},"line":11}},"branchMap":{"0":{"loc":{"start":{"line":14,"column":2},"end":{"line":16,"column":3}},"type":"if","locations":[{"start":{"line":14,"column":2},"end":{"line":16,"column":3}},{"start":{"line":14,"column":2},"end":{"line":16,"column":3}}],"line":14}},"s":{"0":3,"1":3,"2":3,"3":3,"4":0},"f":{"0":3},"b":{"0":[3,0]},"_coverageSchema":"1a1c01bbd47fc00a2c39e90264f33305004495a9","hash":"2792ce3b4444b572a65e9f586090be66c983829b"}
,"/home/linda/test/myblog/src/components/Post/Comments/index.js": {"path":"/home/linda/test/myblog/src/components/Post/Comments/index.js","statementMap":{},"fnMap":{},"branchMap":{},"s":{},"f":{},"b":{},"_coverageSchema":"1a1c01bbd47fc00a2c39e90264f33305004495a9","hash":"2478f1108f517e0b60922e758692743ab417821a"}
,"/home/linda/test/myblog/src/components/Post/Content/Content.js": {"path":"/home/linda/test/myblog/src/components/Post/Content/Content.js","statementMap":{"0":{"start":{"line":10,"column":16},"end":{"line":15,"column":1}},"1":{"start":{"line":11,"column":2},"end":{"line":14,"column":8}}},"fnMap":{"0":{"name":"(anonymous_0)","decl":{"start":{"line":10,"column":16},"end":{"line":10,"column":17}},"loc":{"start":{"line":11,"column":2},"end":{"line":14,"column":8}},"line":11}},"branchMap":{},"s":{"0":3,"1":3},"f":{"0":3},"b":{},"_coverageSchema":"1a1c01bbd47fc00a2c39e90264f33305004495a9","hash":"8c5ec37512f29b65d8a78cae9c8ff587d37891ec"}
,"/home/linda/test/myblog/src/components/Post/Content/index.js": {"path":"/home/linda/test/myblog/src/components/Post/Content/index.js","statementMap":{},"fnMap":{},"branchMap":{},"s":{},"f":{},"b":{},"_coverageSchema":"1a1c01bbd47fc00a2c39e90264f33305004495a9","hash":"ee9320ea95d246c8d38e47de2d1c83329c17d7b2"}
,"/home/linda/test/myblog/src/components/Post/Meta/Meta.js": {"path":"/home/linda/test/myblog/src/components/Post/Meta/Meta.js","statementMap":{"0":{"start":{"line":9,"column":13},"end":{"line":13,"column":1}},"1":{"start":{"line":10,"column":2},"end":{"line":12,"column":8}}},"fnMap":{"0":{"name":"(anonymous_0)","decl":{"start":{"line":9,"column":13},"end":{"line":9,"column":14}},"loc":{"start":{"line":10,"column":2},"end":{"line":12,"column":8}},"line":10}},"branchMap":{},"s":{"0":3,"1":3},"f":{"0":3},"b":{},"_coverageSchema":"1a1c01bbd47fc00a2c39e90264f33305004495a9","hash":"6fda6a25064a9d12c5b533120da46b1dfed03498"}
,"/home/linda/test/myblog/src/components/Post/Meta/index.js": {"path":"/home/linda/test/myblog/src/components/Post/Meta/index.js","statementMap":{},"fnMap":{},"branchMap":{},"s":{},"f":{},"b":{},"_coverageSchema":"1a1c01bbd47fc00a2c39e90264f33305004495a9","hash":"c879be708c4ab8203ac547321464048debec7bfe"}
,"/home/linda/test/myblog/src/components/Post/Tags/Tags.js": {"path":"/home/linda/test/myblog/src/components/Post/Tags/Tags.js","statementMap":{"0":{"start":{"line":11,"column":13},"end":{"line":23,"column":1}},"1":{"start":{"line":12,"column":2},"end":{"line":22,"column":8}},"2":{"start":{"line":15,"column":8},"end":{"line":19,"column":13}}},"fnMap":{"0":{"name":"(anonymous_0)","decl":{"start":{"line":11,"column":13},"end":{"line":11,"column":14}},"loc":{"start":{"line":12,"column":2},"end":{"line":22,"column":8}},"line":12},"1":{"name":"(anonymous_1)","decl":{"start":{"line":14,"column":32},"end":{"line":14,"column":33}},"loc":{"start":{"line":15,"column":8},"end":{"line":19,"column":13}},"line":15}},"branchMap":{"0":{"loc":{"start":{"line":14,"column":7},"end":{"line":20,"column":8}},"type":"binary-expr","locations":[{"start":{"line":14,"column":7},"end":{"line":14,"column":15}},{"start":{"line":14,"column":19},"end":{"line":20,"column":8}}],"line":14}},"s":{"0":3,"1":3,"2":6},"f":{"0":3,"1":6},"b":{"0":[3,3]},"_coverageSchema":"1a1c01bbd47fc00a2c39e90264f33305004495a9","hash":"4db2b225eba3149975808bc5ebd68bdac761dd1d"}
,"/home/linda/test/myblog/src/components/Post/Tags/index.js": {"path":"/home/linda/test/myblog/src/components/Post/Tags/index.js","statementMap":{},"fnMap":{},"branchMap":{},"s":{},"f":{},"b":{},"_coverageSchema":"1a1c01bbd47fc00a2c39e90264f33305004495a9","hash":"bf00a706278e41240d780d0e34b5d0ee8ca5bba9"}
,"/home/linda/test/myblog/src/components/Sidebar/Sidebar.js": {"path":"/home/linda/test/myblog/src/components/Sidebar/Sidebar.js","statementMap":{"0":{"start":{"line":14,"column":16},"end":{"line":27,"column":1}},"1":{"start":{"line":15,"column":38},"end":{"line":15,"column":55}},"2":{"start":{"line":17,"column":2},"end":{"line":26,"column":4}}},"fnMap":{"0":{"name":"(anonymous_0)","decl":{"start":{"line":14,"column":16},"end":{"line":14,"column":17}},"loc":{"start":{"line":14,"column":40},"end":{"line":27,"column":1}},"line":14}},"branchMap":{},"s":{"0":8,"1":8,"2":8},"f":{"0":8},"b":{},"_coverageSchema":"1a1c01bbd47fc00a2c39e90264f33305004495a9","hash":"aa9d5e8dc228c8f1812a22c3f9abe67a19b2a4be"}
,"/home/linda/test/myblog/src/components/Sidebar/index.js": {"path":"/home/linda/test/myblog/src/components/Sidebar/index.js","statementMap":{},"fnMap":{},"branchMap":{},"s":{},"f":{},"b":{},"_coverageSchema":"1a1c01bbd47fc00a2c39e90264f33305004495a9","hash":"ab342082a368dd0886ea2ae30f0010650d6b1a51"}
,"/home/linda/test/myblog/src/components/Sidebar/Author/Author.js": {"path":"/home/linda/test/myblog/src/components/Sidebar/Author/Author.js","statementMap":{"0":{"start":{"line":15,"column":15},"end":{"line":38,"column":1}},"1":{"start":{"line":16,"column":2},"end":{"line":37,"column":8}}},"fnMap":{"0":{"name":"(anonymous_0)","decl":{"start":{"line":15,"column":15},"end":{"line":15,"column":16}},"loc":{"start":{"line":16,"column":2},"end":{"line":37,"column":8}},"line":16}},"branchMap":{"0":{"loc":{"start":{"line":27,"column":6},"end":{"line":35,"column":5}},"type":"cond-expr","locations":[{"start":{"line":28,"column":6},"end":{"line":30,"column":11}},{"start":{"line":32,"column":6},"end":{"line":34,"column":11}}],"line":27}},"s":{"0":9,"1":9},"f":{"0":9},"b":{"0":[2,7]},"_coverageSchema":"1a1c01bbd47fc00a2c39e90264f33305004495a9","hash":"16280f85639ac520d40bee5e77526c61c92019b1"}
,"/home/linda/test/myblog/src/components/Sidebar/Author/index.js": {"path":"/home/linda/test/myblog/src/components/Sidebar/Author/index.js","statementMap":{},"fnMap":{},"branchMap":{},"s":{},"f":{},"b":{},"_coverageSchema":"1a1c01bbd47fc00a2c39e90264f33305004495a9","hash":"2d8abd23ffbf4ee681841a39a5316fedb502f3f0"}
,"/home/linda/test/myblog/src/components/Sidebar/Contacts/Contacts.js": {"path":"/home/linda/test/myblog/src/components/Sidebar/Contacts/Contacts.js","statementMap":{"0":{"start":{"line":13,"column":17},"end":{"line":30,"column":1}},"1":{"start":{"line":14,"column":2},"end":{"line":29,"column":8}},"2":{"start":{"line":16,"column":44},"end":{"line":27,"column":7}}},"fnMap":{"0":{"name":"(anonymous_0)","decl":{"start":{"line":13,"column":17},"end":{"line":13,"column":18}},"loc":{"start":{"line":14,"column":2},"end":{"line":29,"column":8}},"line":14},"1":{"name":"(anonymous_1)","decl":{"start":{"line":16,"column":33},"end":{"line":16,"column":34}},"loc":{"start":{"line":16,"column":44},"end":{"line":27,"column":7}},"line":16}},"branchMap":{"0":{"loc":{"start":{"line":16,"column":44},"end":{"line":27,"column":7}},"type":"cond-expr","locations":[{"start":{"line":16,"column":62},"end":{"line":16,"column":66}},{"start":{"line":17,"column":8},"end":{"line":26,"column":13}}],"line":16}},"s":{"0":9,"1":9,"2":54},"f":{"0":9,"1":54},"b":{"0":[0,54]},"_coverageSchema":"1a1c01bbd47fc00a2c39e90264f33305004495a9","hash":"b4a30e5fa6deb09817da8c1fb2d63c78b47de45c"}
,"/home/linda/test/myblog/src/components/Sidebar/Contacts/index.js": {"path":"/home/linda/test/myblog/src/components/Sidebar/Contacts/index.js","statementMap":{},"fnMap":{},"branchMap":{},"s":{},"f":{},"b":{},"_coverageSchema":"1a1c01bbd47fc00a2c39e90264f33305004495a9","hash":"dca9fcee26c9ad3763517bb2106faeeb38fab424"}
,"/home/linda/test/myblog/src/components/Sidebar/Copyright/Copyright.js": {"path":"/home/linda/test/myblog/src/components/Sidebar/Copyright/Copyright.js","statementMap":{"0":{"start":{"line":9,"column":18},"end":{"line":13,"column":1}},"1":{"start":{"line":10,"column":2},"end":{"line":12,"column":8}}},"fnMap":{"0":{"name":"(anonymous_0)","decl":{"start":{"line":9,"column":18},"end":{"line":9,"column":19}},"loc":{"start":{"line":10,"column":2},"end":{"line":12,"column":8}},"line":10}},"branchMap":{},"s":{"0":9,"1":9},"f":{"0":9},"b":{},"_coverageSchema":"1a1c01bbd47fc00a2c39e90264f33305004495a9","hash":"6feec60c6afea631b9601819db035ac865b98b7e"}
,"/home/linda/test/myblog/src/components/Sidebar/Copyright/index.js": {"path":"/home/linda/test/myblog/src/components/Sidebar/Copyright/index.js","statementMap":{},"fnMap":{},"branchMap":{},"s":{},"f":{},"b":{},"_coverageSchema":"1a1c01bbd47fc00a2c39e90264f33305004495a9","hash":"b531740628a93239d234bbcaf314916f25558a7d"}
,"/home/linda/test/myblog/src/components/Sidebar/Menu/Menu.js": {"path":"/home/linda/test/myblog/src/components/Sidebar/Menu/Menu.js","statementMap":{"0":{"start":{"line":13,"column":13},"end":{"line":29,"column":1}},"1":{"start":{"line":14,"column":2},"end":{"line":28,"column":8}},"2":{"start":{"line":17,"column":8},"end":{"line":25,"column":13}}},"fnMap":{"0":{"name":"(anonymous_0)","decl":{"start":{"line":13,"column":13},"end":{"line":13,"column":14}},"loc":{"start":{"line":14,"column":2},"end":{"line":28,"column":8}},"line":14},"1":{"name":"(anonymous_1)","decl":{"start":{"line":16,"column":16},"end":{"line":16,"column":17}},"loc":{"start":{"line":17,"column":8},"end":{"line":25,"column":13}},"line":17}},"branchMap":{},"s":{"0":9,"1":9,"2":26},"f":{"0":9,"1":26},"b":{},"_coverageSchema":"1a1c01bbd47fc00a2c39e90264f33305004495a9","hash":"3e13955e5109aff0441d028712e4b1a629b22825"}
,"/home/linda/test/myblog/src/components/Sidebar/Menu/index.js": {"path":"/home/linda/test/myblog/src/components/Sidebar/Menu/index.js","statementMap":{},"fnMap":{},"branchMap":{},"s":{},"f":{},"b":{},"_coverageSchema":"1a1c01bbd47fc00a2c39e90264f33305004495a9","hash":"d26e95f11977bc30d46ec8ce499105177e195b33"}
,"/home/linda/test/myblog/src/constants/icons.js": {"path":"/home/linda/test/myblog/src/constants/icons.js","statementMap":{"0":{"start":{"line":2,"column":14},"end":{"line":83,"column":1}}},"fnMap":{},"branchMap":{},"s":{"0":14},"f":{},"b":{},"_coverageSchema":"1a1c01bbd47fc00a2c39e90264f33305004495a9","hash":"6836d5192eaad3af75292fcc51c5be2c2b356850"}
,"/home/linda/test/myblog/src/constants/index.js": {"path":"/home/linda/test/myblog/src/constants/index.js","statementMap":{},"fnMap":{},"branchMap":{},"s":{},"f":{},"b":{},"_coverageSchema":"1a1c01bbd47fc00a2c39e90264f33305004495a9","hash":"a63f6644a644bfa8367c937cf446099f2832befb"}
,"/home/linda/test/myblog/src/constants/pagination.js": {"path":"/home/linda/test/myblog/src/constants/pagination.js","statementMap":{"0":{"start":{"line":2,"column":19},"end":{"line":5,"column":1}}},"fnMap":{},"branchMap":{},"s":{"0":14},"f":{},"b":{},"_coverageSchema":"1a1c01bbd47fc00a2c39e90264f33305004495a9","hash":"1e45d2a48a732d41bd27a81bd9f00a09ccbb95d6"}
,"/home/linda/test/myblog/src/hooks/index.js": {"path":"/home/linda/test/myblog/src/hooks/index.js","statementMap":{},"fnMap":{},"branchMap":{},"s":{},"f":{},"b":{},"_coverageSchema":"1a1c01bbd47fc00a2c39e90264f33305004495a9","hash":"711d90bea0f8e9a5ba78bc135decb15b0c05c8c1"}
,"/home/linda/test/myblog/src/hooks/use-categories-list.js": {"path":"/home/linda/test/myblog/src/hooks/use-categories-list.js","statementMap":{"0":{"start":{"line":4,"column":26},"end":{"line":21,"column":1}},"1":{"start":{"line":5,"column":32},"end":{"line":18,"column":3}},"2":{"start":{"line":20,"column":2},"end":{"line":20,"column":33}}},"fnMap":{"0":{"name":"(anonymous_0)","decl":{"start":{"line":4,"column":26},"end":{"line":4,"column":27}},"loc":{"start":{"line":4,"column":32},"end":{"line":21,"column":1}},"line":4}},"branchMap":{},"s":{"0":13,"1":1,"2":1},"f":{"0":1},"b":{},"_coverageSchema":"1a1c01bbd47fc00a2c39e90264f33305004495a9","hash":"d027eb437f2c40f54e10abdc66af01dcb17714e4"}
,"/home/linda/test/myblog/src/hooks/use-site-metadata.js": {"path":"/home/linda/test/myblog/src/hooks/use-site-metadata.js","statementMap":{"0":{"start":{"line":4,"column":24},"end":{"line":49,"column":1}},"1":{"start":{"line":5,"column":19},"end":{"line":46,"column":3}},"2":{"start":{"line":48,"column":2},"end":{"line":48,"column":27}}},"fnMap":{"0":{"name":"(anonymous_0)","decl":{"start":{"line":4,"column":24},"end":{"line":4,"column":25}},"loc":{"start":{"line":4,"column":30},"end":{"line":49,"column":1}},"line":4}},"branchMap":{},"s":{"0":13,"1":31,"2":31},"f":{"0":31},"b":{},"_coverageSchema":"1a1c01bbd47fc00a2c39e90264f33305004495a9","hash":"b3ba705ceff3b223b665249f691bc1575cb0189e"}
,"/home/linda/test/myblog/src/hooks/use-tags-list.js": {"path":"/home/linda/test/myblog/src/hooks/use-tags-list.js","statementMap":{"0":{"start":{"line":4,"column":20},"end":{"line":21,"column":1}},"1":{"start":{"line":5,"column":32},"end":{"line":18,"column":3}},"2":{"start":{"line":20,"column":2},"end":{"line":20,"column":33}}},"fnMap":{"0":{"name":"(anonymous_0)","decl":{"start":{"line":4,"column":20},"end":{"line":4,"column":21}},"loc":{"start":{"line":4,"column":26},"end":{"line":21,"column":1}},"line":4}},"branchMap":{},"s":{"0":13,"1":1,"2":1},"f":{"0":1},"b":{},"_coverageSchema":"1a1c01bbd47fc00a2c39e90264f33305004495a9","hash":"04cba0e241548afd88311296c452317792b92eb5"}
,"/home/linda/test/myblog/src/templates/categories-list-template.js": {"path":"/home/linda/test/myblog/src/templates/categories-list-template.js","statementMap":{"0":{"start":{"line":10,"column":31},"end":{"line":30,"column":1}},"1":{"start":{"line":11,"column":30},"end":{"line":11,"column":47}},"2":{"start":{"line":12,"column":21},"end":{"line":12,"column":40}},"3":{"start":{"line":14,"column":2},"end":{"line":29,"column":4}},"4":{"start":{"line":20,"column":12},"end":{"line":24,"column":17}}},"fnMap":{"0":{"name":"(anonymous_0)","decl":{"start":{"line":10,"column":31},"end":{"line":10,"column":32}},"loc":{"start":{"line":10,"column":37},"end":{"line":30,"column":1}},"line":10},"1":{"name":"(anonymous_1)","decl":{"start":{"line":19,"column":26},"end":{"line":19,"column":27}},"loc":{"start":{"line":20,"column":12},"end":{"line":24,"column":17}},"line":20}},"branchMap":{},"s":{"0":1,"1":1,"2":1,"3":1,"4":2},"f":{"0":1,"1":2},"b":{},"_coverageSchema":"1a1c01bbd47fc00a2c39e90264f33305004495a9","hash":"ec2242939a91f176d1fd074b39accce4698337b2"}
,"/home/linda/test/myblog/src/templates/category-template.js": {"path":"/home/linda/test/myblog/src/templates/category-template.js","statementMap":{"0":{"start":{"line":17,"column":25},"end":{"line":46,"column":1}},"1":{"start":{"line":18,"column":55},"end":{"line":18,"column":72}},"2":{"start":{"line":27,"column":6},"end":{"line":27,"column":17}},"3":{"start":{"line":29,"column":20},"end":{"line":29,"column":42}},"4":{"start":{"line":30,"column":20},"end":{"line":30,"column":119}},"5":{"start":{"line":32,"column":2},"end":{"line":45,"column":4}},"6":{"start":{"line":48,"column":21},"end":{"line":72,"column":1}}},"fnMap":{"0":{"name":"(anonymous_0)","decl":{"start":{"line":17,"column":25},"end":{"line":17,"column":26}},"loc":{"start":{"line":17,"column":59},"end":{"line":46,"column":1}},"line":17}},"branchMap":{"0":{"loc":{"start":{"line":30,"column":20},"end":{"line":30,"column":119}},"type":"cond-expr","locations":[{"start":{"line":30,"column":38},"end":{"line":30,"column":88}},{"start":{"line":30,"column":91},"end":{"line":30,"column":119}}],"line":30}},"s":{"0":1,"1":1,"2":1,"3":1,"4":1,"5":1,"6":1},"f":{"0":1},"b":{"0":[1,0]},"_coverageSchema":"1a1c01bbd47fc00a2c39e90264f33305004495a9","hash":"a0336357575ddfd698fd37644ceca0e04b63410e"}
,"/home/linda/test/myblog/src/templates/index-template.js": {"path":"/home/linda/test/myblog/src/templates/index-template.js","statementMap":{"0":{"start":{"line":17,"column":22},"end":{"line":45,"column":1}},"1":{"start":{"line":18,"column":55},"end":{"line":18,"column":72}},"2":{"start":{"line":26,"column":6},"end":{"line":26,"column":17}},"3":{"start":{"line":28,"column":20},"end":{"line":28,"column":42}},"4":{"start":{"line":29,"column":20},"end":{"line":29,"column":94}},"5":{"start":{"line":31,"column":2},"end":{"line":44,"column":4}},"6":{"start":{"line":47,"column":21},"end":{"line":71,"column":1}}},"fnMap":{"0":{"name":"(anonymous_0)","decl":{"start":{"line":17,"column":22},"end":{"line":17,"column":23}},"loc":{"start":{"line":17,"column":56},"end":{"line":45,"column":1}},"line":17}},"branchMap":{"0":{"loc":{"start":{"line":29,"column":20},"end":{"line":29,"column":94}},"type":"cond-expr","locations":[{"start":{"line":29,"column":38},"end":{"line":29,"column":82}},{"start":{"line":29,"column":85},"end":{"line":29,"column":94}}],"line":29}},"s":{"0":1,"1":1,"2":1,"3":1,"4":1,"5":1,"6":1},"f":{"0":1},"b":{"0":[1,0]},"_coverageSchema":"1a1c01bbd47fc00a2c39e90264f33305004495a9","hash":"3485c67f36004f5ffb0c3e22999041c6151b6e24"}
,"/home/linda/test/myblog/src/templates/not-found-template.js": {"path":"/home/linda/test/myblog/src/templates/not-found-template.js","statementMap":{"0":{"start":{"line":8,"column":25},"end":{"line":19,"column":1}},"1":{"start":{"line":9,"column":30},"end":{"line":9,"column":47}},"2":{"start":{"line":11,"column":2},"end":{"line":18,"column":4}}},"fnMap":{"0":{"name":"(anonymous_0)","decl":{"start":{"line":8,"column":25},"end":{"line":8,"column":26}},"loc":{"start":{"line":8,"column":31},"end":{"line":19,"column":1}},"line":8}},"branchMap":{},"s":{"0":1,"1":1,"2":1},"f":{"0":1},"b":{},"_coverageSchema":"1a1c01bbd47fc00a2c39e90264f33305004495a9","hash":"4096c99670f8823139ed9b62a2a2f6a48f202599"}
,"/home/linda/test/myblog/src/templates/page-template.js": {"path":"/home/linda/test/myblog/src/templates/page-template.js","statementMap":{"0":{"start":{"line":16,"column":21},"end":{"line":32,"column":1}},"1":{"start":{"line":17,"column":55},"end":{"line":17,"column":72}},"2":{"start":{"line":18,"column":29},"end":{"line":18,"column":48}},"3":{"start":{"line":19,"column":26},"end":{"line":19,"column":45}},"4":{"start":{"line":20,"column":79},"end":{"line":20,"column":90}},"5":{"start":{"line":21,"column":26},"end":{"line":21,"column":57}},"6":{"start":{"line":22,"column":25},"end":{"line":22,"column":47}},"7":{"start":{"line":24,"column":2},"end":{"line":31,"column":4}},"8":{"start":{"line":34,"column":21},"end":{"line":49,"column":1}}},"fnMap":{"0":{"name":"(anonymous_0)","decl":{"start":{"line":16,"column":21},"end":{"line":16,"column":22}},"loc":{"start":{"line":16,"column":42},"end":{"line":32,"column":1}},"line":16}},"branchMap":{"0":{"loc":{"start":{"line":20,"column":41},"end":{"line":20,"column":61}},"type":"default-arg","locations":[{"start":{"line":20,"column":59},"end":{"line":20,"column":61}}],"line":20},"1":{"loc":{"start":{"line":21,"column":26},"end":{"line":21,"column":57}},"type":"binary-expr","locations":[{"start":{"line":21,"column":26},"end":{"line":21,"column":41}},{"start":{"line":21,"column":45},"end":{"line":21,"column":57}}],"line":21}},"s":{"0":1,"1":1,"2":1,"3":1,"4":1,"5":1,"6":1,"7":1,"8":1},"f":{"0":1},"b":{"0":[0],"1":[1,0]},"_coverageSchema":"1a1c01bbd47fc00a2c39e90264f33305004495a9","hash":"133eac2ee2dc53e30b83e40574f446a6956d1f1e"}
,"/home/linda/test/myblog/src/templates/post-template.js": {"path":"/home/linda/test/myblog/src/templates/post-template.js","statementMap":{"0":{"start":{"line":15,"column":21},"end":{"line":27,"column":1}},"1":{"start":{"line":16,"column":55},"end":{"line":16,"column":72}},"2":{"start":{"line":17,"column":26},"end":{"line":17,"column":45}},"3":{"start":{"line":18,"column":79},"end":{"line":18,"column":90}},"4":{"start":{"line":19,"column":26},"end":{"line":19,"column":57}},"5":{"start":{"line":20,"column":25},"end":{"line":20,"column":47}},"6":{"start":{"line":22,"column":2},"end":{"line":26,"column":4}},"7":{"start":{"line":29,"column":21},"end":{"line":49,"column":1}}},"fnMap":{"0":{"name":"(anonymous_0)","decl":{"start":{"line":15,"column":21},"end":{"line":15,"column":22}},"loc":{"start":{"line":15,"column":42},"end":{"line":27,"column":1}},"line":15}},"branchMap":{"0":{"loc":{"start":{"line":18,"column":41},"end":{"line":18,"column":61}},"type":"default-arg","locations":[{"start":{"line":18,"column":59},"end":{"line":18,"column":61}}],"line":18},"1":{"loc":{"start":{"line":19,"column":26},"end":{"line":19,"column":57}},"type":"binary-expr","locations":[{"start":{"line":19,"column":26},"end":{"line":19,"column":41}},{"start":{"line":19,"column":45},"end":{"line":19,"column":57}}],"line":19}},"s":{"0":1,"1":1,"2":1,"3":1,"4":1,"5":1,"6":1,"7":1},"f":{"0":1},"b":{"0":[0],"1":[1,0]},"_coverageSchema":"1a1c01bbd47fc00a2c39e90264f33305004495a9","hash":"a604b678b187ae47c93226fbafcab60f2ce33d97"}
,"/home/linda/test/myblog/src/templates/tag-template.js": {"path":"/home/linda/test/myblog/src/templates/tag-template.js","statementMap":{"0":{"start":{"line":17,"column":20},"end":{"line":46,"column":1}},"1":{"start":{"line":18,"column":55},"end":{"line":18,"column":72}},"2":{"start":{"line":27,"column":6},"end":{"line":27,"column":17}},"3":{"start":{"line":29,"column":20},"end":{"line":29,"column":42}},"4":{"start":{"line":30,"column":20},"end":{"line":30,"column":153}},"5":{"start":{"line":32,"column":2},"end":{"line":45,"column":4}},"6":{"start":{"line":48,"column":21},"end":{"line":78,"column":1}}},"fnMap":{"0":{"name":"(anonymous_0)","decl":{"start":{"line":17,"column":20},"end":{"line":17,"column":21}},"loc":{"start":{"line":17,"column":54},"end":{"line":46,"column":1}},"line":17}},"branchMap":{"0":{"loc":{"start":{"line":30,"column":20},"end":{"line":30,"column":153}},"type":"cond-expr","locations":[{"start":{"line":30,"column":38},"end":{"line":30,"column":105}},{"start":{"line":30,"column":108},"end":{"line":30,"column":153}}],"line":30}},"s":{"0":1,"1":1,"2":1,"3":1,"4":1,"5":1,"6":1},"f":{"0":1},"b":{"0":[1,0]},"_coverageSchema":"1a1c01bbd47fc00a2c39e90264f33305004495a9","hash":"7fe61d485bf398f8c65a01a29fe7e702eabec9bd"}
,"/home/linda/test/myblog/src/templates/tags-list-template.js": {"path":"/home/linda/test/myblog/src/templates/tags-list-template.js","statementMap":{"0":{"start":{"line":10,"column":25},"end":{"line":30,"column":1}},"1":{"start":{"line":11,"column":30},"end":{"line":11,"column":47}},"2":{"start":{"line":12,"column":15},"end":{"line":12,"column":28}},"3":{"start":{"line":14,"column":2},"end":{"line":29,"column":4}},"4":{"start":{"line":20,"column":12},"end":{"line":24,"column":17}}},"fnMap":{"0":{"name":"(anonymous_0)","decl":{"start":{"line":10,"column":25},"end":{"line":10,"column":26}},"loc":{"start":{"line":10,"column":31},"end":{"line":30,"column":1}},"line":10},"1":{"name":"(anonymous_1)","decl":{"start":{"line":19,"column":20},"end":{"line":19,"column":21}},"loc":{"start":{"line":20,"column":12},"end":{"line":24,"column":17}},"line":20}},"branchMap":{},"s":{"0":1,"1":1,"2":1,"3":1,"4":2},"f":{"0":1,"1":2},"b":{},"_coverageSchema":"1a1c01bbd47fc00a2c39e90264f33305004495a9","hash":"e8cfbfce0ebe62b88c969926eaa88f3e19de0d6b"}
,"/home/linda/test/myblog/src/utils/get-contact-href.js": {"path":"/home/linda/test/myblog/src/utils/get-contact-href.js","statementMap":{"0":{"start":{"line":2,"column":23},"end":{"line":57,"column":1}},"1":{"start":{"line":5,"column":2},"end":{"line":54,"column":3}},"2":{"start":{"line":7,"column":6},"end":{"line":7,"column":50}},"3":{"start":{"line":8,"column":6},"end":{"line":8,"column":12}},"4":{"start":{"line":10,"column":6},"end":{"line":10,"column":45}},"5":{"start":{"line":11,"column":6},"end":{"line":11,"column":12}},"6":{"start":{"line":13,"column":6},"end":{"line":13,"column":41}},"7":{"start":{"line":14,"column":6},"end":{"line":14,"column":12}},"8":{"start":{"line":16,"column":6},"end":{"line":16,"column":39}},"9":{"start":{"line":17,"column":6},"end":{"line":17,"column":12}},"10":{"start":{"line":19,"column":6},"end":{"line":19,"column":33}},"11":{"start":{"line":20,"column":6},"end":{"line":20,"column":12}},"12":{"start":{"line":22,"column":6},"end":{"line":22,"column":54}},"13":{"start":{"line":23,"column":6},"end":{"line":23,"column":12}},"14":{"start":{"line":25,"column":6},"end":{"line":25,"column":52}},"15":{"start":{"line":26,"column":6},"end":{"line":26,"column":12}},"16":{"start":{"line":28,"column":6},"end":{"line":28,"column":38}},"17":{"start":{"line":29,"column":6},"end":{"line":29,"column":12}},"18":{"start":{"line":31,"column":6},"end":{"line":31,"column":51}},"19":{"start":{"line":32,"column":6},"end":{"line":32,"column":12}},"20":{"start":{"line":34,"column":6},"end":{"line":34,"column":49}},"21":{"start":{"line":35,"column":6},"end":{"line":35,"column":12}},"22":{"start":{"line":37,"column":6},"end":{"line":37,"column":48}},"23":{"start":{"line":38,"column":6},"end":{"line":38,"column":12}},"24":{"start":{"line":40,"column":6},"end":{"line":40,"column":49}},"25":{"start":{"line":41,"column":6},"end":{"line":41,"column":12}},"26":{"start":{"line":43,"column":6},"end":{"line":43,"column":58}},"27":{"start":{"line":44,"column":6},"end":{"line":44,"column":12}},"28":{"start":{"line":46,"column":6},"end":{"line":46,"column":49}},"29":{"start":{"line":47,"column":6},"end":{"line":47,"column":12}},"30":{"start":{"line":49,"column":6},"end":{"line":49,"column":45}},"31":{"start":{"line":50,"column":6},"end":{"line":50,"column":12}},"32":{"start":{"line":52,"column":6},"end":{"line":52,"column":21}},"33":{"start":{"line":53,"column":6},"end":{"line":53,"column":12}},"34":{"start":{"line":56,"column":2},"end":{"line":56,"column":14}}},"fnMap":{"0":{"name":"(anonymous_0)","decl":{"start":{"line":2,"column":23},"end":{"line":2,"column":24}},"loc":{"start":{"line":2,"column":58},"end":{"line":57,"column":1}},"line":2}},"branchMap":{"0":{"loc":{"start":{"line":5,"column":2},"end":{"line":54,"column":3}},"type":"switch","locations":[{"start":{"line":6,"column":4},"end":{"line":8,"column":12}},{"start":{"line":9,"column":4},"end":{"line":11,"column":12}},{"start":{"line":12,"column":4},"end":{"line":14,"column":12}},{"start":{"line":15,"column":4},"end":{"line":17,"column":12}},{"start":{"line":18,"column":4},"end":{"line":20,"column":12}},{"start":{"line":21,"column":4},"end":{"line":23,"column":12}},{"start":{"line":24,"column":4},"end":{"line":26,"column":12}},{"start":{"line":27,"column":4},"end":{"line":29,"column":12}},{"start":{"line":30,"column":4},"end":{"line":32,"column":12}},{"start":{"line":33,"column":4},"end":{"line":35,"column":12}},{"start":{"line":36,"column":4},"end":{"line":38,"column":12}},{"start":{"line":39,"column":4},"end":{"line":41,"column":12}},{"start":{"line":42,"column":4},"end":{"line":44,"column":12}},{"start":{"line":45,"column":4},"end":{"line":47,"column":12}},{"start":{"line":48,"column":4},"end":{"line":50,"column":12}},{"start":{"line":51,"column":4},"end":{"line":53,"column":12}}],"line":5}},"s":{"0":13,"1":73,"2":13,"3":13,"4":10,"5":10,"6":10,"7":10,"8":10,"9":10,"10":10,"11":10,"12":1,"13":1,"14":1,"15":1,"16":1,"17":1,"18":1,"19":1,"20":1,"21":1,"22":1,"23":1,"24":1,"25":1,"26":1,"27":1,"28":1,"29":1,"30":1,"31":1,"32":10,"33":10,"34":73},"f":{"0":73},"b":{"0":[13,10,10,10,10,1,1,1,1,1,1,1,1,1,1,10]},"_coverageSchema":"1a1c01bbd47fc00a2c39e90264f33305004495a9","hash":"a4e60b0e3e1550afc92246c2da6ea2d5bdca6fd3"}
,"/home/linda/test/myblog/src/utils/get-icon.js": {"path":"/home/linda/test/myblog/src/utils/get-icon.js","statementMap":{"0":{"start":{"line":4,"column":16},"end":{"line":62,"column":1}},"1":{"start":{"line":7,"column":2},"end":{"line":59,"column":3}},"2":{"start":{"line":9,"column":6},"end":{"line":9,"column":27}},"3":{"start":{"line":10,"column":6},"end":{"line":10,"column":12}},"4":{"start":{"line":12,"column":6},"end":{"line":12,"column":26}},"5":{"start":{"line":13,"column":6},"end":{"line":13,"column":12}},"6":{"start":{"line":15,"column":6},"end":{"line":15,"column":29}},"7":{"start":{"line":16,"column":6},"end":{"line":16,"column":12}},"8":{"start":{"line":18,"column":6},"end":{"line":18,"column":28}},"9":{"start":{"line":19,"column":6},"end":{"line":19,"column":12}},"10":{"start":{"line":21,"column":6},"end":{"line":21,"column":25}},"11":{"start":{"line":22,"column":6},"end":{"line":22,"column":12}},"12":{"start":{"line":24,"column":6},"end":{"line":24,"column":23}},"13":{"start":{"line":25,"column":6},"end":{"line":25,"column":12}},"14":{"start":{"line":27,"column":6},"end":{"line":27,"column":28}},"15":{"start":{"line":28,"column":6},"end":{"line":28,"column":12}},"16":{"start":{"line":30,"column":6},"end":{"line":30,"column":29}},"17":{"start":{"line":31,"column":6},"end":{"line":31,"column":12}},"18":{"start":{"line":33,"column":6},"end":{"line":33,"column":24}},"19":{"start":{"line":34,"column":6},"end":{"line":34,"column":12}},"20":{"start":{"line":36,"column":6},"end":{"line":36,"column":28}},"21":{"start":{"line":37,"column":6},"end":{"line":37,"column":12}},"22":{"start":{"line":39,"column":6},"end":{"line":39,"column":26}},"23":{"start":{"line":40,"column":6},"end":{"line":40,"column":12}},"24":{"start":{"line":42,"column":6},"end":{"line":42,"column":25}},"25":{"start":{"line":43,"column":6},"end":{"line":43,"column":12}},"26":{"start":{"line":45,"column":6},"end":{"line":45,"column":27}},"27":{"start":{"line":46,"column":6},"end":{"line":46,"column":12}},"28":{"start":{"line":48,"column":6},"end":{"line":48,"column":27}},"29":{"start":{"line":49,"column":6},"end":{"line":49,"column":12}},"30":{"start":{"line":51,"column":6},"end":{"line":51,"column":30}},"31":{"start":{"line":52,"column":6},"end":{"line":52,"column":12}},"32":{"start":{"line":54,"column":6},"end":{"line":54,"column":26}},"33":{"start":{"line":55,"column":6},"end":{"line":55,"column":12}},"34":{"start":{"line":57,"column":6},"end":{"line":57,"column":16}},"35":{"start":{"line":58,"column":6},"end":{"line":58,"column":12}},"36":{"start":{"line":61,"column":2},"end":{"line":61,"column":14}}},"fnMap":{"0":{"name":"(anonymous_0)","decl":{"start":{"line":4,"column":16},"end":{"line":4,"column":17}},"loc":{"start":{"line":4,"column":34},"end":{"line":62,"column":1}},"line":4}},"branchMap":{"0":{"loc":{"start":{"line":7,"column":2},"end":{"line":59,"column":3}},"type":"switch","locations":[{"start":{"line":8,"column":4},"end":{"line":10,"column":12}},{"start":{"line":11,"column":4},"end":{"line":13,"column":12}},{"start":{"line":14,"column":4},"end":{"line":16,"column":12}},{"start":{"line":17,"column":4},"end":{"line":19,"column":12}},{"start":{"line":20,"column":4},"end":{"line":22,"column":12}},{"start":{"line":23,"column":4},"end":{"line":25,"column":12}},{"start":{"line":26,"column":4},"end":{"line":28,"column":12}},{"start":{"line":29,"column":4},"end":{"line":31,"column":12}},{"start":{"line":32,"column":4},"end":{"line":34,"column":12}},{"start":{"line":35,"column":4},"end":{"line":37,"column":12}},{"start":{"line":38,"column":4},"end":{"line":40,"column":12}},{"start":{"line":41,"column":4},"end":{"line":43,"column":12}},{"start":{"line":44,"column":4},"end":{"line":46,"column":12}},{"start":{"line":47,"column":4},"end":{"line":49,"column":12}},{"start":{"line":50,"column":4},"end":{"line":52,"column":12}},{"start":{"line":53,"column":4},"end":{"line":55,"column":12}},{"start":{"line":56,"column":4},"end":{"line":58,"column":12}}],"line":7}},"s":{"0":13,"1":70,"2":10,"3":10,"4":10,"5":10,"6":10,"7":10,"8":10,"9":10,"10":10,"11":10,"12":10,"13":10,"14":1,"15":1,"16":1,"17":1,"18":1,"19":1,"20":1,"21":1,"22":1,"23":1,"24":1,"25":1,"26":1,"27":1,"28":1,"29":1,"30":1,"31":1,"32":1,"33":1,"34":0,"35":0,"36":70},"f":{"0":70},"b":{"0":[10,10,10,10,10,10,1,1,1,1,1,1,1,1,1,1,0]},"_coverageSchema":"1a1c01bbd47fc00a2c39e90264f33305004495a9","hash":"3639e2a4fa6c14bf127522940f92c71321974ac3"}
,"/home/linda/test/myblog/src/utils/index.js": {"path":"/home/linda/test/myblog/src/utils/index.js","statementMap":{},"fnMap":{},"branchMap":{},"s":{},"f":{},"b":{},"_coverageSchema":"1a1c01bbd47fc00a2c39e90264f33305004495a9","hash":"48b515163acf3a100c2f806b85e45c650b0184ca"}
}
